                      :-) GROMACS - gmx mdrun, 2024.4 (-:

Copyright 1991-2024 The GROMACS Authors.
GROMACS is free software; you can redistribute it and/or modify it
under the terms of the GNU Lesser General Public License
as published by the Free Software Foundation; either version 2.1
of the License, or (at your option) any later version.

                         Current GROMACS contributors:
       Mark Abraham           Andrey Alekseenko           Vladimir Basov      
      Cathrine Bergh            Eliane Briand               Ania Brown        
      Mahesh Doijade            Giacomo Fiorin          Stefan Fleischmann    
      Sergey Gorelov         Gilles Gouaillardet            Alan Gray         
     M. Eric Irrgang         Farzaneh Jalalypour            Joe Jordan        
     Carsten Kutzner           Justin A. Lemkul          Magnus Lundborg      
       Pascal Merz              Vedran Miletic            Dmitry Morozov      
       Julien Nabet              Szilard Pall        Andrea Pasquadibisceglie 
    Michele Pellegrino          Hubert Santuz             Roland Schulz       
     Tatiana Shugaeva          Alexey Shvetsov            Philip Turner       
     Alessandra Villa      Sebastian Wingbermuehle  

                         Previous GROMACS contributors:
        Emile Apol             Rossen Apostolov           James Barnett       
        Paul Bauer          Herman J.C. Berendsen          Par Bjelkmar       
      Christian Blau          Viacheslav Bolnykh            Kevin Boyd        
    Aldert van Buuren          Carlo Camilloni           Rudi van Drunen      
      Anton Feenstra           Oliver Fleetwood            Vytas Gapsys       
       Gaurav Garg             Gerrit Groenhof            Bert de Groot       
      Anca Hamuraru           Vincent Hindriksen          Victor Holanda      
     Aleksei Iupinov          Christoph Junghans        Prashanth Kanduri     
   Dimitrios Karkoulis           Peter Kasson             Sebastian Kehl      
     Sebastian Keller             Jiri Kraus               Per Larsson        
      Viveca Lindahl            Erik Marklund           Pieter Meulenhoff     
      Teemu Murtola              Sander Pronk             Michael Shirts      
      Alfons Sijbers            Balint Soproni         David van der Spoel    
      Peter Tieleman            Carsten Uphoff             Jon Vincent        
     Teemu Virolainen         Christian Wennberg           Maarten Wolf       
      Artem Zhmurov       

                  Coordinated by the GROMACS project leaders:
                           Berk Hess and Erik Lindahl

GROMACS:      gmx mdrun, version 2024.4
Executable:   /home/felippe/programas/gromacs-2024.4/gmx_2024.4/bin/gmx_mpi
Data prefix:  /home/felippe/programas/gromacs-2024.4/gmx_2024.4
Working dir:  /home/felippe/repos/MD_tools/PCA_sklearn/gmx_results/02_nvt
Process ID:   2440
Command line:
  gmx_mpi mdrun -s nvt_eq.tpr -v -ntomp 2 -deffnm nvt_eq

GROMACS version:     2024.4
Precision:           mixed
Memory model:        64 bit
MPI library:         MPI
MPI library version: Open MPI v4.1.4, package: Open MPI felippe@felippe-yoga Distribution, ident: 4.1.4, repo rev: v4.1.4, May 26, 2022
OpenMP support:      enabled (GMX_OPENMP_MAX_THREADS = 128)
GPU support:         disabled
SIMD instructions:   AVX2_256
CPU FFT library:     fftw-3.3.8-sse2-avx2-avx2_128
GPU FFT library:     none
Multi-GPU FFT:       none
RDTSCP usage:        enabled
TNG support:         enabled
Hwloc support:       disabled
Tracing support:     disabled
C compiler:          /home/felippe/programas/openmpi-4.1.4/build/bin/mpicc GNU 11.1.0
C compiler flags:    -fexcess-precision=fast -funroll-all-loops -mavx2 -mfma -Wno-missing-field-initializers -O3 -DNDEBUG
C++ compiler:        /home/felippe/programas/openmpi-4.1.4/build/bin/mpic++ GNU 11.1.0
C++ compiler flags:  -fexcess-precision=fast -funroll-all-loops -mavx2 -mfma -Wno-missing-field-initializers -Wno-cast-function-type-strict -fopenmp -O3 -DNDEBUG
BLAS library:        External - detected on the system
LAPACK library:      External - detected on the system


Running on 1 node with total 2 cores, 4 processing units
Hardware detected on host felippe-yoga (the node of MPI rank 0):
  CPU info:
    Vendor: Intel
    Brand:  Intel(R) Core(TM) i7-6500U CPU @ 2.50GHz
    Family: 6   Model: 78   Stepping: 3
    Features: aes apic avx avx2 clfsh cmov cx8 cx16 f16c fma htt intel lahf mmx msr nonstop_tsc pcid pclmuldq pdcm pdpe1gb popcnt pse rdrnd rdtscp sse2 sse3 sse4.1 sse4.2 ssse3 tdt x2apic
  Hardware topology: Basic
    Packages, cores, and logical processors:
    [indices refer to OS logical processors]
      Package  0: [   0   2] [   1   3]
    CPU limit set by OS: -1   Recommended max number of threads: 4


++++ PLEASE READ AND CITE THE FOLLOWING REFERENCE ++++
M. J. Abraham, T. Murtola, R. Schulz, S. Páll, J. C. Smith, B. Hess, E.
Lindahl
GROMACS: High performance molecular simulations through multi-level
parallelism from laptops to supercomputers
SoftwareX 1 (2015) pp. 19-25
-------- -------- --- Thank You --- -------- --------


++++ PLEASE READ AND CITE THE FOLLOWING REFERENCE ++++
S. Páll, M. J. Abraham, C. Kutzner, B. Hess, E. Lindahl
Tackling Exascale Software Challenges in Molecular Dynamics Simulations with
GROMACS
In S. Markidis & E. Laure (Eds.), Solving Software Challenges for Exascale 8759 (2015) pp. 3-27
-------- -------- --- Thank You --- -------- --------


++++ PLEASE READ AND CITE THE FOLLOWING REFERENCE ++++
S. Pronk, S. Páll, R. Schulz, P. Larsson, P. Bjelkmar, R. Apostolov, M. R.
Shirts, J. C. Smith, P. M. Kasson, D. van der Spoel, B. Hess, and E. Lindahl
GROMACS 4.5: a high-throughput and highly parallel open source molecular
simulation toolkit
Bioinformatics 29 (2013) pp. 845-54
-------- -------- --- Thank You --- -------- --------


++++ PLEASE READ AND CITE THE FOLLOWING REFERENCE ++++
B. Hess and C. Kutzner and D. van der Spoel and E. Lindahl
GROMACS 4: Algorithms for highly efficient, load-balanced, and scalable
molecular simulation
J. Chem. Theory Comput. 4 (2008) pp. 435-447
-------- -------- --- Thank You --- -------- --------


++++ PLEASE READ AND CITE THE FOLLOWING REFERENCE ++++
D. van der Spoel, E. Lindahl, B. Hess, G. Groenhof, A. E. Mark and H. J. C.
Berendsen
GROMACS: Fast, Flexible and Free
J. Comp. Chem. 26 (2005) pp. 1701-1719
-------- -------- --- Thank You --- -------- --------


++++ PLEASE READ AND CITE THE FOLLOWING REFERENCE ++++
E. Lindahl and B. Hess and D. van der Spoel
GROMACS 3.0: A package for molecular simulation and trajectory analysis
J. Mol. Mod. 7 (2001) pp. 306-317
-------- -------- --- Thank You --- -------- --------


++++ PLEASE READ AND CITE THE FOLLOWING REFERENCE ++++
H. J. C. Berendsen, D. van der Spoel and R. van Drunen
GROMACS: A message-passing parallel molecular dynamics implementation
Comp. Phys. Comm. 91 (1995) pp. 43-56
-------- -------- --- Thank You --- -------- --------


++++ PLEASE CITE THE DOI FOR THIS VERSION OF GROMACS ++++
https://doi.org/10.5281/zenodo.14016590
-------- -------- --- Thank You --- -------- --------

Input Parameters:
   integrator                     = sd
   tinit                          = 0
   dt                             = 0.002
   nsteps                         = 500000
   init-step                      = 0
   simulation-part                = 1
   mts                            = false
   mass-repartition-factor        = 1
   comm-mode                      = Linear
   nstcomm                        = 10
   bd-fric                        = 0
   ld-seed                        = -251937793
   emtol                          = 10
   emstep                         = 0.01
   niter                          = 20
   fcstep                         = 0
   nstcgsteep                     = 1000
   nbfgscorr                      = 10
   rtpi                           = 0.05
   nstxout                        = 0
   nstvout                        = 0
   nstfout                        = 0
   nstlog                         = 0
   nstcalcenergy                  = 100
   nstenergy                      = 10000
   nstxout-compressed             = 10000
   compressed-x-precision         = 1000
   cutoff-scheme                  = Verlet
   nstlist                        = 10
   pbc                            = xyz
   periodic-molecules             = false
   verlet-buffer-tolerance        = 0.005
   verlet-buffer-pressure-tolerance = 0.5
   rlist                          = 1.2
   coulombtype                    = PME
   coulomb-modifier               = Potential-shift
   rcoulomb-switch                = 0
   rcoulomb                       = 1.2
   epsilon-r                      = 1
   epsilon-rf                     = inf
   vdw-type                       = Cut-off
   vdw-modifier                   = Force-switch
   rvdw-switch                    = 1
   rvdw                           = 1.2
   DispCorr                       = No
   table-extension                = 1
   fourierspacing                 = 0.12
   fourier-nx                     = 36
   fourier-ny                     = 36
   fourier-nz                     = 36
   pme-order                      = 4
   ewald-rtol                     = 1e-05
   ewald-rtol-lj                  = 0.001
   lj-pme-comb-rule               = Geometric
   ewald-geometry                 = 3d
   epsilon-surface                = 0
   ensemble-temperature-setting   = constant
   ensemble-temperature           = 300
   tcoupl                         = No
   nsttcouple                     = -1
   nh-chain-length                = 0
   print-nose-hoover-chain-variables = false
   pcoupl                         = No
   refcoord-scaling               = No
   posres-com (3):
      posres-com[0]= 0.00000e+00
      posres-com[1]= 0.00000e+00
      posres-com[2]= 0.00000e+00
   posres-comB (3):
      posres-comB[0]= 0.00000e+00
      posres-comB[1]= 0.00000e+00
      posres-comB[2]= 0.00000e+00
   QMMM                           = false
qm-opts:
   ngQM                           = 0
   constraint-algorithm           = Lincs
   continuation                   = false
   Shake-SOR                      = false
   shake-tol                      = 0.0001
   lincs-order                    = 4
   lincs-iter                     = 1
   lincs-warnangle                = 30
   nwall                          = 0
   wall-type                      = 9-3
   wall-r-linpot                  = -1
   wall-atomtype[0]               = -1
   wall-atomtype[1]               = -1
   wall-density[0]                = 0
   wall-density[1]                = 0
   wall-ewald-zfac                = 3
   pull                           = false
   awh                            = false
   rotation                       = false
   interactiveMD                  = false
   disre                          = No
   disre-weighting                = Conservative
   disre-mixed                    = false
   dr-fc                          = 1000
   dr-tau                         = 0
   nstdisreout                    = 100
   orire-fc                       = 0
   orire-tau                      = 0
   nstorireout                    = 100
   free-energy                    = no
   cos-acceleration               = 0
   deform (3x3):
      deform[    0]={ 0.00000e+00,  0.00000e+00,  0.00000e+00}
      deform[    1]={ 0.00000e+00,  0.00000e+00,  0.00000e+00}
      deform[    2]={ 0.00000e+00,  0.00000e+00,  0.00000e+00}
   simulated-tempering            = false
   swapcoords                     = no
   userint1                       = 0
   userint2                       = 0
   userint3                       = 0
   userint4                       = 0
   userreal1                      = 0
   userreal2                      = 0
   userreal3                      = 0
   userreal4                      = 0
   applied-forces:
     electric-field:
       x:
         E0                       = 0
         omega                    = 0
         t0                       = 0
         sigma                    = 0
       y:
         E0                       = 0
         omega                    = 0
         t0                       = 0
         sigma                    = 0
       z:
         E0                       = 0
         omega                    = 0
         t0                       = 0
         sigma                    = 0
     density-guided-simulation:
       active                     = false
       group                      = protein
       similarity-measure         = inner-product
       atom-spreading-weight      = unity
       force-constant             = 1e+09
       gaussian-transform-spreading-width = 0.2
       gaussian-transform-spreading-range-in-multiples-of-width = 4
       reference-density-filename = reference.mrc
       nst                        = 1
       normalize-densities        = true
       adaptive-force-scaling     = false
       adaptive-force-scaling-time-constant = 4
       shift-vector               = 
       transformation-matrix      = 
     qmmm-cp2k:
       active                     = false
       qmgroup                    = System
       qmmethod                   = PBE
       qmfilenames                = 
       qmcharge                   = 0
       qmmultiplicity             = 1
     colvars:
       active                     = false
       configfile                 = 
       seed                       = -1
grpopts:
   nrdf:          54
   ref-t:         300
   tau-t:           2
annealing:          No
annealing-npoints:           0
   acc:	           0           0           0
   nfreeze:           N           N           N
   energygrp-flags[  0]: 0

Changing nstlist from 10 to 100, rlist from 1.2 to 1.207


Initializing Domain Decomposition on 1 ranks
Dynamic load balancing: auto
Using update groups, nr 11, average size 2.1 atoms, max. radius 0.139 nm
Minimum cell size due to atom displacement: 0.586 nm
Initial maximum distances in bonded interactions:
    two-body bonded interactions: 0.370 nm, LJ-14, atoms 11 17
  multi-body bonded interactions: 0.370 nm, Proper Dih., atoms 11 17
Minimum cell size due to bonded interactions: 0.407 nm
Using 0 separate PME ranks because: there are too few total ranks for efficient splitting
Optimizing the DD grid for 1 cells with a minimum initial size of 0.586 nm
The maximum allowed number of cells is: X 6 Y 6 Z 6
Domain decomposition grid 1 x 1 x 1, separate PME ranks 0
PME domain decomposition: 1 x 1 x 1

The initial number of communication pulses is:
The initial domain decomposition cell size is:

The maximum allowed distance for atom groups involved in interactions is:
                 non-bonded interactions           1.485 nm
            two-body bonded interactions  (-rdd)   1.485 nm
          multi-body bonded interactions  (-rdd)   1.485 nm

When dynamic load balancing gets turned on, these settings will change to:
The maximum number of communication pulses is:
The minimum size for domain decomposition cells is 1.485 nm
The requested allowed shrink of DD cells (option -dds) is: 0.80
The allowed shrink of domain decomposition cells is:
The maximum allowed distance for atom groups involved in interactions is:
                 non-bonded interactions           1.485 nm
            two-body bonded interactions  (-rdd)   1.485 nm
          multi-body bonded interactions  (-rdd)   1.485 nm

Using 1 MPI process
Using 2 OpenMP threads 

System total charge: 0.000
Will do PME sum in reciprocal space for electrostatic interactions.

++++ PLEASE READ AND CITE THE FOLLOWING REFERENCE ++++
U. Essmann, L. Perera, M. L. Berkowitz, T. Darden, H. Lee and L. G. Pedersen 
A smooth particle mesh Ewald method
J. Chem. Phys. 103 (1995) pp. 8577-8592
-------- -------- --- Thank You --- -------- --------

Using a Gaussian width (1/beta) of 0.384195 nm for Ewald
Potential shift: LJ r^-12: -2.648e-01 r^-6: -5.349e-01, Ewald -8.333e-06
Initialized non-bonded Coulomb Ewald tables, spacing: 1.02e-03 size: 1176

Generated table with 1103 data points for 1-4 COUL.
Tabscale = 500 points/nm
Generated table with 1103 data points for 1-4 LJ6.
Tabscale = 500 points/nm
Generated table with 1103 data points for 1-4 LJ12.
Tabscale = 500 points/nm


Using SIMD4xM 4x8 nonbonded short-range kernels

Using a 4x8 pair-list setup:
  updated every 100 steps, buffer 0.007 nm, rlist 1.207 nm
At tolerance 0.005 kJ/mol/ps per atom, equivalent classical 1x1 list would be:
  updated every 100 steps, buffer 0.093 nm, rlist 1.293 nm

The average pressure is off by at most 0.25 bar due to missing LJ interactions
Removing pbc first time

Linking all bonded interactions to atoms


NOTE: The number of threads is not equal to the number of (logical) cpus
      and the -pin option is set to auto: will not pin threads to cpus.
      This can lead to significant performance degradation.
      Consider using -pin on (and -pinoffset in case you run multiple jobs).

Initializing LINear Constraint Solver

++++ PLEASE READ AND CITE THE FOLLOWING REFERENCE ++++
B. Hess and H. Bekker and H. J. C. Berendsen and J. G. E. M. Fraaije
LINCS: A Linear Constraint Solver for molecular simulations
J. Comp. Chem. 18 (1997) pp. 1463-1472
-------- -------- --- Thank You --- -------- --------

The number of constraints is 12

++++ PLEASE READ AND CITE THE FOLLOWING REFERENCE ++++
N. Goga and A. J. Rzepiela and A. H. de Vries and S. J. Marrink and H. J. C.
Berendsen
Efficient Algorithms for Langevin and DPD Dynamics
J. Chem. Theory Comput. 8 (2012) pp. 3637--3649
-------- -------- --- Thank You --- -------- --------

There are: 23 Atoms

Atom distribution over 1 domains: av 23 stddev 0 min 23 max 23

Constraining the starting coordinates (step 0)

Constraining the coordinates at t0-dt (step 0)
Center of mass motion removal mode is Linear
We have the following groups for center of mass motion removal:
  0:  System
RMS relative constraint deviation after constraining: 3.63e-06
Initial temperature: 326.991 K

Started mdrun on rank 0 Mon Jul 21 08:09:04 2025

           Step           Time
              0        0.00000

   Energies (kJ/mol)
           Bond            U-B    Proper Dih.  Improper Dih.          LJ-14
    3.52331e+00    1.00269e+01    3.98010e+01    4.94322e+00    1.01172e+01
     Coulomb-14        LJ (SR)   Coulomb (SR)   Coul. recip.      Potential
    8.03297e+02    1.85935e+01   -1.10018e+03    8.07609e+01   -1.29116e+02
    Kinetic En.   Total Energy    Temperature Pressure (bar)   Constr. rmsd
    7.30276e+01   -5.60887e+01    3.25304e+02    1.08656e+01    3.38756e-06

           Step           Time
         500000     1000.00000

Writing checkpoint, step 500000 at Mon Jul 21 08:12:32 2025


   Energies (kJ/mol)
           Bond            U-B    Proper Dih.  Improper Dih.          LJ-14
    8.96206e+00    9.69050e+01    3.51108e+01    7.35712e+00    5.58844e+00
     Coulomb-14        LJ (SR)   Coulomb (SR)   Coul. recip.      Potential
    7.41995e+02    3.70472e+01   -1.10651e+03    3.26406e+01   -1.40903e+02
    Kinetic En.   Total Energy    Temperature Pressure (bar)   Constr. rmsd
    6.45642e+01   -7.63390e+01    2.87603e+02    6.48574e+01    2.68436e-06


	<======  ###############  ==>
	<====  A V E R A G E S  ====>
	<==  ###############  ======>

	Statistics over 500001 steps using 5001 frames

   Energies (kJ/mol)
           Bond            U-B    Proper Dih.  Improper Dih.          LJ-14
    1.65344e+01    9.11269e+01    3.81424e+01    1.02725e+01    4.09430e+00
     Coulomb-14        LJ (SR)   Coulomb (SR)   Coul. recip.      Potential
    7.35780e+02    3.34162e+01   -1.10459e+03    3.41058e+01   -1.41114e+02
    Kinetic En.   Total Energy    Temperature Pressure (bar)   Constr. rmsd
    6.69726e+01   -7.41415e+01    2.98331e+02   -1.13200e+00    0.00000e+00

   Total Virial (kJ/mol)
    2.31564e+01   -2.66414e-01   -4.21154e-01
   -2.66408e-01    2.44249e+01    4.55843e-01
   -4.21157e-01    4.55833e-01    2.59356e+01

   Pressure (bar)
   -4.73432e-01    9.57167e-02    1.65063e-01
    9.57136e-02   -1.12029e+00   -1.35250e-01
    1.65065e-01   -1.35245e-01   -1.80229e+00


	M E G A - F L O P S   A C C O U N T I N G

 NB=Group-cutoff nonbonded kernels    NxN=N-by-N cluster Verlet kernels
 RF=Reaction-Field  VdW=Van der Waals  QSTab=quadratic-spline table
 W3=SPC/TIP3p  W4=TIP4p (single or pairs)
 V&F=Potential and force  V=Potential only  F=Force only

 Computing:                               M-Number         M-Flops  % Flops
-----------------------------------------------------------------------------
 Pair Search distance check               1.700340          15.303     0.0
 NxN Ewald Elec. + LJ [F]               190.080000       14826.240     0.2
 NxN Ewald Elec. + LJ [V&F]               1.920384         247.730     0.0
 1,4 nonbonded interactions              24.500049        2205.004     0.0
 Calc Weights                            34.500069        1242.002     0.0
 Spread Q Bspline                       736.001472        1472.003     0.0
 Gather F Bspline                       736.001472        4416.009     0.1
 3D-FFT                              723625.447248     5789003.578    87.6
 Solve PME                            12312.024624      787969.576    11.9
 Reset In Box                             0.115023           0.345     0.0
 CG-CoM                                   0.115046           0.345     0.0
 Bonds                                    5.000010         295.001     0.0
 Propers                                 21.000042        4809.010     0.1
 Impropers                                1.500003         312.001     0.0
 Virial                                   0.340068           6.121     0.0
 Update                                  11.500023         356.501     0.0
 Stop-CM                                  1.150046          11.500     0.0
 Calc-Ekin                                1.265046          34.156     0.0
 Lincs                                   12.000048         720.003     0.0
 Lincs-Mat                              108.000432         432.002     0.0
 Constraint-V                            24.000072         216.001     0.0
 Constraint-Vir                           0.060012           1.440     0.0
 Urey-Bradley                            19.500039        3568.507     0.1
-----------------------------------------------------------------------------
 Total                                                 6612160.378   100.0
-----------------------------------------------------------------------------


    D O M A I N   D E C O M P O S I T I O N   S T A T I S T I C S

 av. #atoms communicated per step for force:  2 x 0.0


      R E A L   C Y C L E   A N D   T I M E   A C C O U N T I N G

On 1 MPI rank, each using 2 OpenMP threads

 Activity:              Num   Num      Call    Wall time         Giga-Cycles
                        Ranks Threads  Count      (s)         total sum    %
--------------------------------------------------------------------------------
 Domain decomp.            1    2       5001       0.261          1.353   0.1
 Neighbor search           1    2       5001       0.058          0.302   0.0
 Force                     1    2     500001       4.995         25.894   2.4
 PME mesh                  1    2     500001     193.227       1001.669  92.8
 NB X/F buffer ops.        1    2     995001       1.851          9.595   0.9
 Write traj.               1    2         51       0.178          0.922   0.1
 Update                    1    2    1000002       2.406         12.473   1.2
 Constraints               1    2    1000004       3.389         17.570   1.6
 Rest                                              1.785          9.254   0.9
--------------------------------------------------------------------------------
 Total                                           208.151       1079.032 100.0
--------------------------------------------------------------------------------
 Breakdown of PME mesh activities
--------------------------------------------------------------------------------
 PME spread                1    2     500001      12.674         65.701   6.1
 PME gather                1    2     500001      11.559         59.920   5.6
 PME 3D-FFT                1    2    1000002     148.556        770.097  71.4
 PME solve Elec            1    2     500001      19.776        102.518   9.5
--------------------------------------------------------------------------------

               Core t (s)   Wall t (s)        (%)
       Time:      416.302      208.151      200.0
                 (ns/day)    (hour/ns)
Performance:      415.084        0.058
Finished mdrun on rank 0 Mon Jul 21 08:12:32 2025

